<?xml version="1.0" encoding="UTF-8"?>
<!-- Generated by org.testng.reporters.JUnitReportReporter -->
<testsuite hostname="LT-A0114" name="com.cucumber.framework.runner.login.LoginRunner" tests="3" failures="0" timestamp="5 Mar 2018 12:34:25 GMT" time="59.394" errors="0">
  <testcase name="feature" time="19.179" classname="com.cucumber.framework.runner.login.LoginRunner"/>
  <testcase name="feature" time="19.243" classname="com.cucumber.framework.runner.login.LoginRunner"/>
  <testcase name="feature" time="20.972" classname="com.cucumber.framework.runner.login.LoginRunner"/>
</testsuite> <!-- com.cucumber.framework.runner.login.LoginRunner -->
